1611623964723	geckodriver	INFO	Listening on 127.0.0.1:52437
1611623967738	mozrunner::runner	INFO	Running command: "C:\\Program Files\\Mozilla Firefox\\firefox.exe" "--marionette" "-foreground" "-no-remote" "-profile" "C:\\Users\\jakep\\AppData\\Local\\Temp\\rust_mozprofilehBH4mh"
Can't find symbol 'eglSwapBuffersWithDamageEXT'.
Can't find symbol 'eglSetDamageRegionKHR'.
console.warn: SearchSettings: "get: No settings file exists, new profile?" (new Error("", "(unknown module)"))
1611623971759	Marionette	INFO	Listening on port 52445
1611623971908	Marionette	WARN	TLS certificate errors will be ignored for this session
JavaScript error: , line 0: NS_ERROR_NOT_AVAILABLE
1611626093875	Marionette	INFO	Stopped listening on port 52445

###!!! [Child][RunMessage] Error: Channel closing: too late to send/recv, messages will be lost

 "C:\\Users\\jakep\\AppData\\Local\\Temp\\rust_mozprofileMzMzrj"
Can't find symbol 'eglSwapBuffersWithDamageEXT'.
Can't find symbol 'eglSetDamageRegionKHR'.
console.warn: SearchSettings: "get: No settings file exists, new profile?" (new Error("", "(unknown module)"))
1611624060129	Marionette	INFO	Listening on port 52515
1611624060186	Marionette	WARN	TLS certificate errors will be ignored for this session
1611624060492	Marionette	INFO	Stopped listening on port 52515
JavaScript error: resource://activity-stream/lib/ASRouter.jsm, line 987: NS_ERROR_ILLEGAL_VALUE: Component returned failure code: 0x80070057 (NS_ERROR_ILLEGAL_VALUE) [nsIObserverService.removeObserver]
console.warn: services.settings: main/partitioning-exempt-urls sync interrupted by shutdown
console.warn: services.settings: main/cfr-fxa sync interrupted by shutdown

###!!! [Child][RunMessage] Error: Channel closing: too late to send/recv, messages will be lost

1611626129925	geckodriver	INFO	Listening on 127.0.0.1:52660
1611626132942	mozrunner::runner	INFO	Running command: "C:\\Program Files\\Mozilla Firefox\\firefox.exe" "--marionette" "-foreground" "-no-remote" "-profile" "C:\\Users\\jakep\\AppData\\Local\\Temp\\rust_mozprofilesQSAK1"
Can't find symbol 'eglSwapBuffersWithDamageEXT'.
Can't find symbol 'eglSetDamageRegionKHR'.
console.warn: SearchSettings: "get: No settings file exists, new profile?" (new Error("", "(unknown module)"))
1611626136654	Marionette	INFO	Listening on port 52669
1611626137086	Marionette	WARN	TLS certificate errors will be ignored for this session
1611626137309	Marionette	INFO	Stopped listening on port 52669
JavaScript error: resource://activity-stream/lib/ASRouter.jsm, line 987: NS_ERROR_ILLEGAL_VALUE: Component returned failure code: 0x80070057 (NS_ERROR_ILLEGAL_VALUE) [nsIObserverService.removeObserver]
console.warn: services.settings: main/partitioning-exempt-urls sync interrupted by shutdown

###!!! [Child][RunMessage] Error: Channel closing: too late to send/recv, messages will be lost

1611626309808	geckodriver	INFO	Listening on 127.0.0.1:52739
1611626312826	mozrunner::runner	INFO	Running command: "C:\\Program Files\\Mozilla Firefox\\firefox.exe" "--marionette" "-foreground" "-no-remote" "-profile" "C:\\Users\\jakep\\AppData\\Local\\Temp\\rust_mozprofilezkg8KD"
Can't find symbol 'eglSwapBuffersWithDamageEXT'.
Can't find symbol 'eglSetDamageRegionKHR'.
console.warn: SearchSettings: "get: No settings file exists, new profile?" (new Error("", "(unknown module)"))
1611626316455	Marionette	INFO	Listening on port 52748
1611626316966	Marionette	WARN	TLS certificate errors will be ignored for this session
1611626317161	Marionette	INFO	Stopped listening on port 52748
JavaScript error: resource://activity-stream/lib/ASRouter.jsm, line 987: NS_ERROR_ILLEGAL_VALUE: Component returned failure code: 0x80070057 (NS_ERROR_ILLEGAL_VALUE) [nsIObserverService.removeObserver]
console.warn: services.settings: main/partitioning-exempt-urls sync interrupted by shutdown

###!!! [Child][RunMessage] Error: Channel closing: too late to send/recv, messages will be lost

1611626341559	geckodriver	INFO	Listening on 127.0.0.1:52792
1611626344586	mozrunner::runner	INFO	Running command: "C:\\Program Files\\Mozilla Firefox\\firefox.exe" "--marionette" "-foreground" "-no-remote" "-profile" "C:\\Users\\jakep\\AppData\\Local\\Temp\\rust_mozprofileVkRzdU"
Can't find symbol 'eglSwapBuffersWithDamageEXT'.
Can't find symbol 'eglSetDamageRegionKHR'.
console.warn: SearchSettings: "get: No settings file exists, new profile?" (new Error("", "(unknown module)"))
1611626348298	Marionette	INFO	Listening on port 52800
1611626348733	Marionette	WARN	TLS certificate errors will be ignored for this session
1611626348982	Marionette	INFO	Stopped listening on port 52800
JavaScript error: resource://activity-stream/lib/ASRouter.jsm, line 987: NS_ERROR_ILLEGAL_VALUE: Component returned failure code: 0x80070057 (NS_ERROR_ILLEGAL_VALUE) [nsIObserverService.removeObserver]
console.warn: services.settings: main/partitioning-exempt-urls sync interrupted by shutdown
console.warn: services.settings: main/whats-new-panel sync interrupted by shutdown

###!!! [Child][RunMessage] Error: Channel closing: too late to send/recv, messages will be lost

1611626420850	geckodriver	INFO	Listening on 127.0.0.1:52865
1611626423868	mozrunner::runner	INFO	Running command: "C:\\Program Files\\Mozilla Firefox\\firefox.exe" "--marionette" "-foreground" "-no-remote" "-profile" "C:\\Users\\jakep\\AppData\\Local\\Temp\\rust_mozprofileWQ1W1H"
Can't find symbol 'eglSwapBuffersWithDamageEXT'.
Can't find symbol 'eglSetDamageRegionKHR'.
console.warn: SearchSettings: "get: No settings file exists, new profile?" (new Error("", "(unknown module)"))
1611626427492	Marionette	INFO	Listening on port 52873
1611626428006	Marionette	WARN	TLS certificate errors will be ignored for this session
1611626428216	Marionette	INFO	Stopped listening on port 52873
JavaScript error: resource://activity-stream/lib/ASRouter.jsm, line 987: NS_ERROR_ILLEGAL_VALUE: Component returned failure code: 0x80070057 (NS_ERROR_ILLEGAL_VALUE) [nsIObserverService.removeObserver]
console.warn: services.settings: main/partitioning-exempt-urls sync interrupted by shutdown
console.warn: services.settings: main/whats-new-panel sync interrupted by shutdown

###!!! [Child][RunMessage] Error: Channel closing: too late to send/recv, messages will be lost

1611626478549	geckodriver	INFO	Listening on 127.0.0.1:52918
1611626481570	mozrunner::runner	INFO	Running command: "C:\\Program Files\\Mozilla Firefox\\firefox.exe" "--marionette" "-foreground" "-no-remote" "-profile" "C:\\Users\\jakep\\AppData\\Local\\Temp\\rust_mozprofile49lsXz"
Can't find symbol 'eglSwapBuffersWithDamageEXT'.
Can't find symbol 'eglSetDamageRegionKHR'.
console.warn: SearchSettings: "get: No settings file exists, new profile?" (new Error("", "(unknown module)"))
1611626485201	Marionette	INFO	Listening on port 52927
1611626485710	Marionette	WARN	TLS certificate errors will be ignored for this session
1611626485889	Marionette	INFO	Stopped listening on port 52927
JavaScript error: resource://activity-stream/lib/ASRouter.jsm, line 987: NS_ERROR_ILLEGAL_VALUE: Component returned failure code: 0x80070057 (NS_ERROR_ILLEGAL_VALUE) [nsIObserverService.removeObserver]
console.warn: services.settings: main/partitioning-exempt-urls sync interrupted by shutdown

###!!! [Child][RunMessage] Error: Channel closing: too late to send/recv, messages will be lost

1611626650497	geckodriver	INFO	Listening on 127.0.0.1:52981
1611626653518	mozrunner::runner	INFO	Running command: "C:\\Program Files\\Mozilla Firefox\\firefox.exe" "--marionette" "-foreground" "-no-remote" "-profile" "C:\\Users\\jakep\\AppData\\Local\\Temp\\rust_mozprofilePHbeD9"
Can't find symbol 'eglSwapBuffersWithDamageEXT'.
Can't find symbol 'eglSetDamageRegionKHR'.
console.warn: SearchSettings: "get: No settings file exists, new profile?" (new Error("", "(unknown module)"))
1611626657576	Marionette	INFO	Listening on port 52989
1611626657681	Marionette	WARN	TLS certificate errors will be ignored for this session
1611626657940	Marionette	INFO	Stopped listening on port 52989
JavaScript error: resource://activity-stream/lib/ASRouter.jsm, line 987: NS_ERROR_ILLEGAL_VALUE: Component returned failure code: 0x80070057 (NS_ERROR_ILLEGAL_VALUE) [nsIObserverService.removeObserver]
console.warn: services.settings: main/partitioning-exempt-urls sync interrupted by shutdown
console.error: services.settings: 
  main/cfr-fxa Signature failed  TypeError: NetworkError when attempting to fetch resource.

###!!! [Child][RunMessage] Error: Channel closing: too late to send/recv, messages will be lost

1611626688197	geckodriver	INFO	Listening on 127.0.0.1:53040
1611626691216	mozrunner::runner	INFO	Running command: "C:\\Program Files\\Mozilla Firefox\\firefox.exe" "--marionette" "-foreground" "-no-remote" "-profile" "C:\\Users\\jakep\\AppData\\Local\\Temp\\rust_mozprofileZIjtxZ"
Can't find symbol 'eglSwapBuffersWithDamageEXT'.
Can't find symbol 'eglSetDamageRegionKHR'.
console.warn: SearchSettings: "get: No settings file exists, new profile?" (new Error("", "(unknown module)"))
1611626695297	Marionette	INFO	Listening on port 53048
1611626695378	Marionette	WARN	TLS certificate errors will be ignored for this session
1611626695649	Marionette	INFO	Stopped listening on port 53048
JavaScript error: resource://activity-stream/lib/ASRouter.jsm, line 987: NS_ERROR_ILLEGAL_VALUE: Component returned failure code: 0x80070057 (NS_ERROR_ILLEGAL_VALUE) [nsIObserverService.removeObserver]
console.warn: services.settings: main/partitioning-exempt-urls sync interrupted by shutdown
console.warn: services.settings: main/cfr-fxa sync interrupted by shutdown

###!!! [Child][RunMessage] Error: Channel closing: too late to send/recv, messages will be lost

1611626749805	geckodriver	INFO	Listening on 127.0.0.1:53096
1611626752832	mozrunner::runner	INFO	Running command: "C:\\Program Files\\Mozilla Firefox\\firefox.exe" "--marionette" "-foreground" "-no-remote" "-profile" "C:\\Users\\jakep\\AppData\\Local\\Temp\\rust_mozprofileLbwlJC"
Can't find symbol 'eglSwapBuffersWithDamageEXT'.
Can't find symbol 'eglSetDamageRegionKHR'.
console.warn: SearchSettings: "get: No settings file exists, new profile?" (new Error("", "(unknown module)"))
1611626756629	Marionette	INFO	Listening on port 53104
1611626756972	Marionette	WARN	TLS certificate errors will be ignored for this session
1611626933312	Marionette	INFO	Stopped listening on port 53104

###!!! [Child][RunMessage] Error: Channel closing: too late to send/recv, messages will be lost

"--marionette" "-foreground" "-no-remote" "-profile" "C:\\Users\\jakep\\AppData\\Local\\Temp\\rust_mozprofileIWvKzX"
Can't find symbol 'eglSwapBuffersWithDamageEXT'.
Can't find symbol 'eglSetDamageRegionKHR'.
console.warn: SearchSettings: "get: No settings file exists, new profile?" (new Error("", "(unknown module)"))
1611626850312	Marionette	INFO	Listening on port 53176
1611626850745	Marionette	WARN	TLS certificate errors will be ignored for this session
1611626934744	Marionette	INFO	Stopped listening on port 53176

###!!! [Child][RunMessage] Error: Channel closing: too late to send/recv, messages will be lost

"--marionette" "-foreground" "-no-remote" "-profile" "C:\\Users\\jakep\\AppData\\Local\\Temp\\rust_mozprofile2c3QBU"
Can't find symbol 'eglSwapBuffersWithDamageEXT'.
Can't find symbol 'eglSetDamageRegionKHR'.
console.warn: SearchSettings: "get: No settings file exists, new profile?" (new Error("", "(unknown module)"))
1611626857465	Marionette	INFO	Listening on port 53234
1611626857559	Marionette	WARN	TLS certificate errors will be ignored for this session
1611626857799	Marionette	INFO	Stopped listening on port 53234
JavaScript error: resource://activity-stream/lib/ASRouter.jsm, line 987: NS_ERROR_ILLEGAL_VALUE: Component returned failure code: 0x80070057 (NS_ERROR_ILLEGAL_VALUE) [nsIObserverService.removeObserver]
console.warn: services.settings: main/partitioning-exempt-urls sync interrupted by shutdown
console.warn: services.settings: main/cfr-fxa sync interrupted by shutdown
[Parent 10696, Gecko_IOThread] WARNING: file /builds/worker/checkouts/gecko/ipc/chromium/src/base/process_util_win.cc:166

###!!! [Child][RunMessage] Error: Channel closing: too late to send/recv, messages will be lost

1611626903723	geckodriver	INFO	Listening on 127.0.0.1:53279
1611626906738	mozrunner::runner	INFO	Running command: "C:\\Program Files\\Mozilla Firefox\\firefox.exe" "--marionette" "-foreground" "-no-remote" "-profile" "C:\\Users\\jakep\\AppData\\Local\\Temp\\rust_mozprofile9kTasz"
Can't find symbol 'eglSwapBuffersWithDamageEXT'.
Can't find symbol 'eglSetDamageRegionKHR'.
console.warn: SearchSettings: "get: No settings file exists, new profile?" (new Error("", "(unknown module)"))
1611626911013	Marionette	INFO	Listening on port 53287
1611626911480	Marionette	WARN	TLS certificate errors will be ignored for this session
1611626936304	Marionette	INFO	Stopped listening on port 53287

###!!! [Child][RunMessage] Error: Channel closing: too late to send/recv, messages will be lost

"--marionette" "-foreground" "-no-remote" "-profile" "C:\\Users\\jakep\\AppData\\Local\\Temp\\rust_mozprofiles5UCyt"
Can't find symbol 'eglSwapBuffersWithDamageEXT'.
Can't find symbol 'eglSetDamageRegionKHR'.
console.warn: SearchSettings: "get: No settings file exists, new profile?" (new Error("", "(unknown module)"))
1611626918408	Marionette	INFO	Listening on port 53350
1611626918458	Marionette	WARN	TLS certificate errors will be ignored for this session
1611626918683	Marionette	INFO	Stopped listening on port 53350
JavaScript error: resource://activity-stream/lib/ASRouter.jsm, line 987: NS_ERROR_ILLEGAL_VALUE: Component returned failure code: 0x80070057 (NS_ERROR_ILLEGAL_VALUE) [nsIObserverService.removeObserver]
console.warn: services.settings: main/cfr-fxa sync interrupted by shutdown

###!!! [Child][RunMessage] Error: Channel closing: too late to send/recv, messages will be lost

1611626946312	geckodriver	INFO	Listening on 127.0.0.1:53395
1611626949331	mozrunner::runner	INFO	Running command: "C:\\Program Files\\Mozilla Firefox\\firefox.exe" "--marionette" "-foreground" "-no-remote" "-profile" "C:\\Users\\jakep\\AppData\\Local\\Temp\\rust_mozprofilegecF2x"
Can't find symbol 'eglSwapBuffersWithDamageEXT'.
Can't find symbol 'eglSetDamageRegionKHR'.
console.warn: SearchSettings: "get: No settings file exists, new profile?" (new Error("", "(unknown module)"))
1611626952893	Marionette	INFO	Listening on port 53403
1611626953002	Marionette	WARN	TLS certificate errors will be ignored for this session
1611626964878	Marionette	INFO	Stopped listening on port 53403

###!!! [Child][RunMessage] Error: Channel closing: too late to send/recv, messages will be lost

"--marionette" "-foreground" "-no-remote" "-profile" "C:\\Users\\jakep\\AppData\\Local\\Temp\\rust_mozprofile3xrNdz"
Can't find symbol 'eglSwapBuffersWithDamageEXT'.
Can't find symbol 'eglSetDamageRegionKHR'.
console.warn: SearchSettings: "get: No settings file exists, new profile?" (new Error("", "(unknown module)"))
1611626959960	Marionette	INFO	Listening on port 53461
1611626960232	Marionette	WARN	TLS certificate errors will be ignored for this session
1611626960440	Marionette	INFO	Stopped listening on port 53461
JavaScript error: resource://activity-stream/lib/ASRouter.jsm, line 987: NS_ERROR_ILLEGAL_VALUE: Component returned failure code: 0x80070057 (NS_ERROR_ILLEGAL_VALUE) [nsIObserverService.removeObserver]
console.warn: services.settings: main/partitioning-exempt-urls sync interrupted by shutdown
[Parent 21960, Gecko_IOThread] WARNING: file /builds/worker/checkouts/gecko/ipc/chromium/src/base/process_util_win.cc:166

###!!! [Child][RunMessage] Error: Channel closing: too late to send/recv, messages will be lost

1611626983118	geckodriver	INFO	Listening on 127.0.0.1:53509
1611626986140	mozrunner::runner	INFO	Running command: "C:\\Program Files\\Mozilla Firefox\\firefox.exe" "--marionette" "-foreground" "-no-remote" "-profile" "C:\\Users\\jakep\\AppData\\Local\\Temp\\rust_mozprofile6lb5Ht"
Can't find symbol 'eglSwapBuffersWithDamageEXT'.
Can't find symbol 'eglSetDamageRegionKHR'.
console.warn: SearchSettings: "get: No settings file exists, new profile?" (new Error("", "(unknown module)"))
1611626989715	Marionette	INFO	Listening on port 53517
1611626989799	Marionette	WARN	TLS certificate errors will be ignored for this session
JavaScript error: , line 0: NS_ERROR_NOT_AVAILABLE
[Parent 21560, Gecko_IOThread] WARNING: pipe error: 232: file /builds/worker/checkouts/gecko/ipc/chromium/src/chrome/common/ipc_channel_win.cc:545
1611627929284	Marionette	INFO	Stopped listening on port 53517

###!!! [Child][RunMessage] Error: Channel closing: too late to send/recv, messages will be lost

rsWithDamageEXT'.
Can't find symbol 'eglSetDamageRegionKHR'.
console.warn: SearchSettings: "get: No settings file exists, new profile?" (new Error("", "(unknown module)"))
1611627913594	Marionette	INFO	Listening on port 53614
1611627913701	Marionette	WARN	TLS certificate errors will be ignored for this session
1611627913986	Marionette	INFO	Stopped listening on port 53614
JavaScript error: resource://activity-stream/lib/ASRouter.jsm, line 987: NS_ERROR_ILLEGAL_VALUE: Component returned failure code: 0x80070057 (NS_ERROR_ILLEGAL_VALUE) [nsIObserverService.removeObserver]
console.warn: services.settings: main/partitioning-exempt-urls sync interrupted by shutdown
console.error: services.settings: 
  main/message-groups Signature failed  TypeError: NetworkError when attempting to fetch resource.
console.error: services.settings: 
  main/fxmonitor-breaches Signature failed  Error: Shutdown, aborting read-only worker requests.

###!!! [Child][RunMessage] Error: Channel closing: too late to send/recv, messages will be lost

1611627941137	geckodriver	INFO	Listening on 127.0.0.1:53657
1611627944159	mozrunner::runner	INFO	Running command: "C:\\Program Files\\Mozilla Firefox\\firefox.exe" "--marionette" "-foreground" "-no-remote" "-profile" "C:\\Users\\jakep\\AppData\\Local\\Temp\\rust_mozprofileaobmuJ"
Can't find symbol 'eglSwapBuffersWithDamageEXT'.
Can't find symbol 'eglSetDamageRegionKHR'.
console.warn: SearchSettings: "get: No settings file exists, new profile?" (new Error("", "(unknown module)"))
1611627947707	Marionette	INFO	Listening on port 53665
1611627947827	Marionette	WARN	TLS certificate errors will be ignored for this session
1611627948035	Marionette	INFO	Stopped listening on port 53665
JavaScript error: resource://activity-stream/lib/ASRouter.jsm, line 987: NS_ERROR_ILLEGAL_VALUE: Component returned failure code: 0x80070057 (NS_ERROR_ILLEGAL_VALUE) [nsIObserverService.removeObserver]

###!!! [Child][RunMessage] Error: Channel closing: too late to send/recv, messages will be lost

1611627973755	geckodriver	INFO	Listening on 127.0.0.1:53714
1611627976777	mozrunner::runner	INFO	Running command: "C:\\Program Files\\Mozilla Firefox\\firefox.exe" "--marionette" "-foreground" "-no-remote" "-profile" "C:\\Users\\jakep\\AppData\\Local\\Temp\\rust_mozprofilebasZen"
Can't find symbol 'eglSwapBuffersWithDamageEXT'.
Can't find symbol 'eglSetDamageRegionKHR'.
console.warn: SearchSettings: "get: No settings file exists, new profile?" (new Error("", "(unknown module)"))
1611627980172	Marionette	INFO	Listening on port 53722
1611627980412	Marionette	WARN	TLS certificate errors will be ignored for this session
1611627980591	Marionette	INFO	Stopped listening on port 53722
JavaScript error: resource://activity-stream/lib/ASRouter.jsm, line 987: NS_ERROR_ILLEGAL_VALUE: Component returned failure code: 0x80070057 (NS_ERROR_ILLEGAL_VALUE) [nsIObserverService.removeObserver]
console.error: Region.jsm: "Error fetching region" (new TypeError("NetworkError when attempting to fetch resource.", ""))
console.error: Region.jsm: "Failed to fetch region" (new Error("NO_RESULT", "resource://gre/modules/Region.jsm", 376))

###!!! [Child][RunMessage] Error: Channel closing: too late to send/recv, messages will be lost

1611628118394	geckodriver	INFO	Listening on 127.0.0.1:53781
1611628121415	mozrunner::runner	INFO	Running command: "C:\\Program Files\\Mozilla Firefox\\firefox.exe" "--marionette" "-foreground" "-no-remote" "-profile" "C:\\Users\\jakep\\AppData\\Local\\Temp\\rust_mozprofileRCo4pT"
Can't find symbol 'eglSwapBuffersWithDamageEXT'.
Can't find symbol 'eglSetDamageRegionKHR'.
console.warn: SearchSettings: "get: No settings file exists, new profile?" (new Error("", "(unknown module)"))
1611628124836	Marionette	INFO	Listening on port 53790
1611628125063	Marionette	WARN	TLS certificate errors will be ignored for this session
1611628166049	Marionette	INFO	Stopped listening on port 53790

###!!! [Child][RunMessage] Error: Channel closing: too late to send/recv, messages will be lost

1611628943601	geckodriver	INFO	Listening on 127.0.0.1:54018
1611628988615	geckodriver	INFO	Listening on 127.0.0.1:54035
1611628991632	mozrunner::runner	INFO	Running command: "C:\\Program Files\\Mozilla Firefox\\firefox.exe" "--marionette" "-foreground" "-no-remote" "-profile" "C:\\Users\\jakep\\AppData\\Local\\Temp\\rust_mozprofilep8ufaG"
Can't find symbol 'eglSwapBuffersWithDamageEXT'.
Can't find symbol 'eglSetDamageRegionKHR'.
console.warn: SearchSettings: "get: No settings file exists, new profile?" (new Error("", "(unknown module)"))
1611628995145	Marionette	INFO	Listening on port 54043
1611628995296	Marionette	WARN	TLS certificate errors will be ignored for this session
1611628995601	Marionette	INFO	Stopped listening on port 54043
JavaScript error: resource://activity-stream/lib/ASRouter.jsm, line 987: NS_ERROR_ILLEGAL_VALUE: Component returned failure code: 0x80070057 (NS_ERROR_ILLEGAL_VALUE) [nsIObserverService.removeObserver]
console.warn: services.settings: main/cfr-fxa sync interrupted by shutdown
console.warn: services.settings: main/partitioning-exempt-urls sync interrupted by shutdown
[Parent 17956, Gecko_IOThread] WARNING: file /builds/worker/checkouts/gecko/ipc/chromium/src/base/process_util_win.cc:166

###!!! [Child][RunMessage] Error: Channel closing: too late to send/recv, messages will be lost

1611629076881	geckodriver	INFO	Listening on 127.0.0.1:54095
1611629079900	mozrunner::runner	INFO	Running command: "C:\\Program Files\\Mozilla Firefox\\firefox.exe" "--marionette" "-foreground" "-no-remote" "-profile" "C:\\Users\\jakep\\AppData\\Local\\Temp\\rust_mozprofileisoz86"
Can't find symbol 'eglSwapBuffersWithDamageEXT'.
Can't find symbol 'eglSetDamageRegionKHR'.
console.warn: SearchSettings: "get: No settings file exists, new profile?" (new Error("", "(unknown module)"))
1611629083385	Marionette	INFO	Listening on port 54103
1611629083555	Marionette	WARN	TLS certificate errors will be ignored for this session
1611629083791	Marionette	INFO	Stopped listening on port 54103
JavaScript error: resource://activity-stream/lib/ASRouter.jsm, line 987: NS_ERROR_ILLEGAL_VALUE: Component returned failure code: 0x80070057 (NS_ERROR_ILLEGAL_VALUE) [nsIObserverService.removeObserver]
console.warn: services.settings: main/cfr-fxa sync interrupted by shutdown
console.warn: services.settings: main/partitioning-exempt-urls sync interrupted by shutdown
[Parent 18592, Gecko_IOThread] WARNING: file /builds/worker/checkouts/gecko/ipc/chromium/src/base/process_util_win.cc:166

###!!! [Child][RunMessage] Error: Channel closing: too late to send/recv, messages will be lost

1611696578831	geckodriver	INFO	Listening on 127.0.0.1:51395
1611696581878	mozrunner::runner	INFO	Running command: "C:\\Program Files\\Mozilla Firefox\\firefox.exe" "--marionette" "-foreground" "-no-remote" "-profile" "C:\\Users\\jakep\\AppData\\Local\\Temp\\rust_mozprofilez3Zyd3"
Can't find symbol 'eglSwapBuffersWithDamageEXT'.
Can't find symbol 'eglSetDamageRegionKHR'.
console.warn: SearchSettings: "get: No settings file exists, new profile?" (new Error("", "(unknown module)"))
1611696585534	Marionette	INFO	Listening on port 51405
1611696586032	Marionette	WARN	TLS certificate errors will be ignored for this session
1611696589939	Marionette	INFO	Stopped listening on port 51405

###!!! [Child][RunMessage] Error: Channel closing: too late to send/recv, messages will be lost

1611696787784	geckodriver	INFO	Listening on 127.0.0.1:51469
1611696790834	mozrunner::runner	INFO	Running command: "C:\\Program Files\\Mozilla Firefox\\firefox.exe" "--marionette" "-foreground" "-no-remote" "-profile" "C:\\Users\\jakep\\AppData\\Local\\Temp\\rust_mozprofileSadiAZ"
Can't find symbol 'eglSwapBuffersWithDamageEXT'.
Can't find symbol 'eglSetDamageRegionKHR'.
console.warn: SearchSettings: "get: No settings file exists, new profile?" (new Error("", "(unknown module)"))
1611696793960	Marionette	INFO	Listening on port 51477
1611696794496	Marionette	WARN	TLS certificate errors will be ignored for this session
1611696799084	Marionette	INFO	Stopped listening on port 51477

###!!! [Child][RunMessage] Error: Channel closing: too late to send/recv, messages will be lost

1611696823171	geckodriver	INFO	Listening on 127.0.0.1:63508
1611696826216	mozrunner::runner	INFO	Running command: "C:\\Program Files\\Mozilla Firefox\\firefox.exe" "--marionette" "-foreground" "-no-remote" "-profile" "C:\\Users\\jakep\\AppData\\Local\\Temp\\rust_mozprofileqfLPA4"
Can't find symbol 'eglSwapBuffersWithDamageEXT'.
Can't find symbol 'eglSetDamageRegionKHR'.
console.warn: SearchSettings: "get: No settings file exists, new profile?" (new Error("", "(unknown module)"))
1611696829177	Marionette	INFO	Listening on port 63516
1611696829383	Marionette	WARN	TLS certificate errors will be ignored for this session
1611696836327	Marionette	INFO	Stopped listening on port 63516

###!!! [Child][RunMessage] Error: Channel closing: too late to send/recv, messages will be lost

1611696881034	geckodriver	INFO	Listening on 127.0.0.1:63568
1611696884081	mozrunner::runner	INFO	Running command: "C:\\Program Files\\Mozilla Firefox\\firefox.exe" "--marionette" "-foreground" "-no-remote" "-profile" "C:\\Users\\jakep\\AppData\\Local\\Temp\\rust_mozprofilechYX3r"
Can't find symbol 'eglSwapBuffersWithDamageEXT'.
Can't find symbol 'eglSetDamageRegionKHR'.
console.warn: SearchSettings: "get: No settings file exists, new profile?" (new Error("", "(unknown module)"))
1611696887085	Marionette	INFO	Listening on port 63577
1611696887216	Marionette	WARN	TLS certificate errors will be ignored for this session
1611696923383	Marionette	INFO	Stopped listening on port 63577

###!!! [Child][RunMessage] Error: Channel closing: too late to send/recv, messages will be lost

1611696928416	geckodriver	INFO	Listening on 127.0.0.1:63634
1611696931453	mozrunner::runner	INFO	Running command: "C:\\Program Files\\Mozilla Firefox\\firefox.exe" "--marionette" "-foreground" "-no-remote" "-profile" "C:\\Users\\jakep\\AppData\\Local\\Temp\\rust_mozprofilesgk0TQ"
Can't find symbol 'eglSwapBuffersWithDamageEXT'.
Can't find symbol 'eglSetDamageRegionKHR'.
console.warn: SearchSettings: "get: No settings file exists, new profile?" (new Error("", "(unknown module)"))
1611696934684	Marionette	INFO	Listening on port 63644
1611696935107	Marionette	WARN	TLS certificate errors will be ignored for this session
1611696942037	Marionette	INFO	Stopped listening on port 63644

###!!! [Child][RunMessage] Error: Channel closing: too late to send/recv, messages will be lost

1611696960935	geckodriver	INFO	Listening on 127.0.0.1:63692
1611696963977	mozrunner::runner	INFO	Running command: "C:\\Program Files\\Mozilla Firefox\\firefox.exe" "--marionette" "-foreground" "-no-remote" "-profile" "C:\\Users\\jakep\\AppData\\Local\\Temp\\rust_mozprofileIPR7Az"
Can't find symbol 'eglSwapBuffersWithDamageEXT'.
Can't find symbol 'eglSetDamageRegionKHR'.
console.warn: SearchSettings: "get: No settings file exists, new profile?" (new Error("", "(unknown module)"))
1611696967158	Marionette	INFO	Listening on port 63700
1611696967628	Marionette	WARN	TLS certificate errors will be ignored for this session
1611696995773	Marionette	INFO	Stopped listening on port 63700

###!!! [Child][RunMessage] Error: Channel closing: too late to send/recv, messages will be lost

"--marionette" "-foreground" "-no-remote" "-profile" "C:\\Users\\jakep\\AppData\\Local\\Temp\\rust_mozprofileu2V4OK"
Can't find symbol 'eglSwapBuffersWithDamageEXT'.
Can't find symbol 'eglSetDamageRegionKHR'.
console.warn: SearchSettings: "get: No settings file exists, new profile?" (new Error("", "(unknown module)"))
1611696974841	Marionette	INFO	Listening on port 63753
1611696975047	Marionette	WARN	TLS certificate errors will be ignored for this session
1611696992534	Marionette	INFO	Stopped listening on port 63753

###!!! [Child][RunMessage] Error: Channel closing: too late to send/recv, messages will be lost

"--marionette" "-foreground" "-no-remote" "-profile" "C:\\Users\\jakep\\AppData\\Local\\Temp\\rust_mozprofileqogB13"
Can't find symbol 'eglSwapBuffersWithDamageEXT'.
Can't find symbol 'eglSetDamageRegionKHR'.
console.warn: SearchSettings: "get: No settings file exists, new profile?" (new Error("", "(unknown module)"))
1611696982174	Marionette	INFO	Listening on port 63800
1611696982280	Marionette	WARN	TLS certificate errors will be ignored for this session
1611696982317	Marionette	INFO	Stopped listening on port 63800
JavaScript error: resource://activity-stream/lib/ASRouter.jsm, line 987: NS_ERROR_ILLEGAL_VALUE: Component returned failure code: 0x80070057 (NS_ERROR_ILLEGAL_VALUE) [nsIObserverService.removeObserver]
console.error: Region.jsm: "Error fetching region" (new TypeError("NetworkError when attempting to fetch resource.", ""))
console.error: Region.jsm: "Failed to fetch region" (new Error("NO_RESULT", "resource://gre/modules/Region.jsm", 376))

###!!! [Child][RunMessage] Error: Channel closing: too late to send/recv, messages will be lost

1611762096571	geckodriver	INFO	Listening on 127.0.0.1:57948
1611762099626	mozrunner::runner	INFO	Running command: "C:\\Program Files\\Mozilla Firefox\\firefox.exe" "--marionette" "-foreground" "-no-remote" "-profile" "C:\\Users\\jakep\\AppData\\Local\\Temp\\rust_mozprofileSzcmBh"
Can't find symbol 'eglSwapBuffersWithDamageEXT'.
Can't find symbol 'eglSetDamageRegionKHR'.
console.warn: SearchSettings: "get: No settings file exists, new profile?" (new Error("", "(unknown module)"))
1611762105258	Marionette	INFO	Listening on port 57956
1611762105392	Marionette	WARN	TLS certificate errors will be ignored for this session
JavaScript error: , line 0: NS_ERROR_NOT_AVAILABLE
1611789153542	Marionette	INFO	Stopped listening on port 57956
C:\\Program Files\\Mozilla Firefox\\firefox.exe" "--marionette" "-foreground" "-no-remote" "-profile" "C:\\Users\\jakep\\AppData\\Local\\Temp\\rust_mozprofilegghFU4"
Can't find symbol 'eglSwapBuffersWithDamageEXT'.
Can't find symbol 'eglSetDamageRegionKHR'.
console.warn: SearchSettings: "get: No settings file exists, new profile?" (new Error("", "(unknown module)"))
1611762193996	Marionette	INFO	Listening on port 58034
1611762194314	Marionette	WARN	TLS certificate errors will be ignored for this session
1611762194709	Marionette	INFO	Stopped listening on port 58034
JavaScript error: resource://activity-stream/lib/ASRouter.jsm, line 987: NS_ERROR_ILLEGAL_VALUE: Component returned failure code: 0x80070057 (NS_ERROR_ILLEGAL_VALUE) [nsIObserverService.removeObserver]
console.warn: services.settings: main/partitioning-exempt-urls sync interrupted by shutdown
console.warn: services.settings: main/cfr-fxa sync interrupted by shutdown
1611762358135	geckodriver	INFO	Listening on 127.0.0.1:58082
1611762361150	mozrunner::runner	INFO	Running command: "C:\\Program Files\\Mozilla Firefox\\firefox.exe" "--marionette" "-foreground" "-no-remote" "-profile" "C:\\Users\\jakep\\AppData\\Local\\Temp\\rust_mozprofilevoffrh"
Can't find symbol 'eglSwapBuffersWithDamageEXT'.
Can't find symbol 'eglSetDamageRegionKHR'.
console.warn: SearchSettings: "get: No settings file exists, new profile?" (new Error("", "(unknown module)"))
1611762366421	Marionette	INFO	Listening on port 58090
1611762366905	Marionette	WARN	TLS certificate errors will be ignored for this session
1611762367187	Marionette	INFO	Stopped listening on port 58090
JavaScript error: resource://activity-stream/lib/ASRouter.jsm, line 987: NS_ERROR_ILLEGAL_VALUE: Component returned failure code: 0x80070057 (NS_ERROR_ILLEGAL_VALUE) [nsIObserverService.removeObserver]
console.warn: services.settings: main/whats-new-panel sync interrupted by shutdown
console.warn: services.settings: main/partitioning-exempt-urls sync interrupted by shutdown

###!!! [Child][RunMessage] Error: Channel closing: too late to send/recv, messages will be lost

1611789098931	geckodriver	INFO	Listening on 127.0.0.1:58970
1611789101997	mozrunner::runner	INFO	Running command: "C:\\Program Files\\Mozilla Firefox\\firefox.exe" "--marionette" "-foreground" "-no-remote" "-profile" "C:\\Users\\jakep\\AppData\\Local\\Temp\\rust_mozprofileSnIXYd"
Can't find symbol 'eglSwapBuffersWithDamageEXT'.
Can't find symbol 'eglSetDamageRegionKHR'.
console.warn: SearchSettings: "get: No settings file exists, new profile?" (new Error("", "(unknown module)"))
console.error: Region.jsm: "Error fetching region" (new TypeError("NetworkError when attempting to fetch resource.", ""))
console.error: Region.jsm: "Failed to fetch region" (new Error("NO_RESULT", "resource://gre/modules/Region.jsm", 376))
1611789106411	Marionette	INFO	Listening on port 58978
1611789106779	Marionette	WARN	TLS certificate errors will be ignored for this session
1611789107138	Marionette	INFO	Stopped listening on port 58978

###!!! [Child][RunMessage] Error: Channel closing: too late to send/recv, messages will be lost

1611789108459	geckodriver	INFO	Listening on 127.0.0.1:58992
1611789111479	mozrunner::runner	INFO	Running command: "C:\\Program Files\\Mozilla Firefox\\firefox.exe" "--marionette" "-foreground" "-no-remote" "-profile" "C:\\Users\\jakep\\AppData\\Local\\Temp\\rust_mozprofileliJiOI"
Can't find symbol 'eglSwapBuffersWithDamageEXT'.
Can't find symbol 'eglSetDamageRegionKHR'.
console.warn: SearchSettings: "get: No settings file exists, new profile?" (new Error("", "(unknown module)"))
console.error: Region.jsm: "Error fetching region" (new TypeError("NetworkError when attempting to fetch resource.", ""))
console.error: Region.jsm: "Failed to fetch region" (new Error("NO_RESULT", "resource://gre/modules/Region.jsm", 376))
1611789114866	Marionette	INFO	Listening on port 59000
1611789115117	Marionette	WARN	TLS certificate errors will be ignored for this session
1611789115333	Marionette	INFO	Stopped listening on port 59000

###!!! [Child][RunMessage] Error: Channel closing: too late to send/recv, messages will be lost

1611789116259	geckodriver	INFO	Listening on 127.0.0.1:59014
1611789119274	mozrunner::runner	INFO	Running command: "C:\\Program Files\\Mozilla Firefox\\firefox.exe" "--marionette" "-foreground" "-no-remote" "-profile" "C:\\Users\\jakep\\AppData\\Local\\Temp\\rust_mozprofilejAfX5L"
Can't find symbol 'eglSwapBuffersWithDamageEXT'.
Can't find symbol 'eglSetDamageRegionKHR'.
console.warn: SearchSettings: "get: No settings file exists, new profile?" (new Error("", "(unknown module)"))
console.error: Region.jsm: "Error fetching region" (new TypeError("NetworkError when attempting to fetch resource.", ""))
console.error: Region.jsm: "Failed to fetch region" (new Error("NO_RESULT", "resource://gre/modules/Region.jsm", 376))
1611789122807	Marionette	INFO	Listening on port 59022
1611789122923	Marionette	WARN	TLS certificate errors will be ignored for this session
1611789123170	Marionette	INFO	Stopped listening on port 59022

###!!! [Child][RunMessage] Error: Channel closing: too late to send/recv, messages will be lost

